

Started GET "/assets/rails.png" for 127.0.0.1 at 2013-07-24 23:09:55 -0400
Connecting to database specified by database.yml
Served asset /rails.png - 200 OK (4ms)


Started GET "/rails/info/properties" for 127.0.0.1 at 2013-07-24 23:10:04 -0400
Processing by Rails::InfoController#properties as */*
  Rendered inline template (1.5ms)
Completed 200 OK in 7ms (Views: 7.1ms | ActiveRecord: 0.0ms)


Started GET "/rails/info/properties" for 127.0.0.1 at 2013-07-24 23:10:42 -0400
Processing by Rails::InfoController#properties as */*
  Rendered inline template (0.3ms)
Completed 200 OK in 1ms (Views: 0.7ms | ActiveRecord: 0.0ms)


Started GET "/assets/rails.png" for 127.0.0.1 at 2013-07-24 23:13:01 -0400
Served asset /rails.png - 304 Not Modified (0ms)


Started GET "/rails/info/properties" for 127.0.0.1 at 2013-07-24 23:13:06 -0400
Processing by Rails::InfoController#properties as */*
  Rendered inline template (1.5ms)
Completed 200 OK in 3ms (Views: 2.1ms | ActiveRecord: 0.0ms)


Started GET "/rails/info/properties" for 127.0.0.1 at 2013-07-24 23:13:07 -0400
Processing by Rails::InfoController#properties as */*
  Rendered inline template (0.2ms)
Completed 200 OK in 1ms (Views: 0.6ms | ActiveRecord: 0.0ms)
